<?xml version="1.0" encoding="UTF-8"?>
<!-- Generated by org.testng.reporters.JUnitReportReporter -->
<testsuite hostname="abduls-mbp-2" failures="0" tests="2" name="visualtesting.VisualTesting1" time="0.014" errors="0" timestamp="15 Jan 2020 14:27:13 GMT" skipped="0">
  <testcase classname="visualtesting.VisualTesting1" name="wholeImageComparison" time="0.003"/>
  <testcase classname="visualtesting.VisualTesting1" name="partialImageComparison" time="0.011"/>
</testsuite> <!-- visualtesting.VisualTesting1 -->
